1500881946.681448 client started (3717): socket /tmp/tmux-1000/default, protocol 8
1500881946.681476 on Linux 4.10.0-28-generic #32-Ubuntu SMP Fri Jun 30 05:32:18 UTC 2017; libevent 2.0.21-stable (poll)
1500881946.681496 socket is /tmp/tmux-1000/default
1500881946.681505 trying connect
1500881946.681524 connect failed: No such file or directory
1500881946.681536 lock file is /tmp/tmux-1000/default.lock
1500881946.681558 flock succeeded
1500881946.681563 got lock (6)
1500881946.681569 trying connect
1500881946.681578 connect failed: No such file or directory
1500881946.681744 add peer 0x55c0c82f2f50: 7 ((nil))
1500881946.681832 sending message 100 to peer 0x55c0c82f2f50 (4 bytes)
1500881946.681842 sending message 101 to peer 0x55c0c82f2f50 (15 bytes)
1500881946.681848 sending message 102 to peer 0x55c0c82f2f50 (11 bytes)
1500881946.681854 sending message 108 to peer 0x55c0c82f2f50 (27 bytes)
1500881946.681861 sending message 104 to peer 0x55c0c82f2f50 (0 bytes)
1500881946.681867 sending message 107 to peer 0x55c0c82f2f50 (4 bytes)
1500881946.681873 sending message 105 to peer 0x55c0c82f2f50 (22 bytes)
1500881946.681879 sending message 105 to peer 0x55c0c82f2f50 (1468 bytes)
1500881946.681893 sending message 105 to peer 0x55c0c82f2f50 (27 bytes)
1500881946.681900 sending message 105 to peer 0x55c0c82f2f50 (34 bytes)
1500881946.681905 sending message 105 to peer 0x55c0c82f2f50 (21 bytes)
1500881946.681911 sending message 105 to peer 0x55c0c82f2f50 (24 bytes)
1500881946.681917 sending message 105 to peer 0x55c0c82f2f50 (23 bytes)
1500881946.681923 sending message 105 to peer 0x55c0c82f2f50 (17 bytes)
1500881946.681928 sending message 105 to peer 0x55c0c82f2f50 (11 bytes)
1500881946.681934 sending message 105 to peer 0x55c0c82f2f50 (70 bytes)
1500881946.681940 sending message 105 to peer 0x55c0c82f2f50 (20 bytes)
1500881946.681945 sending message 105 to peer 0x55c0c82f2f50 (70 bytes)
1500881946.681951 sending message 105 to peer 0x55c0c82f2f50 (14 bytes)
1500881946.681957 sending message 105 to peer 0x55c0c82f2f50 (11 bytes)
1500881946.681962 sending message 105 to peer 0x55c0c82f2f50 (41 bytes)
1500881946.681968 sending message 105 to peer 0x55c0c82f2f50 (53 bytes)
1500881946.681973 sending message 105 to peer 0x55c0c82f2f50 (20 bytes)
1500881946.681979 sending message 105 to peer 0x55c0c82f2f50 (17 bytes)
1500881946.681985 sending message 105 to peer 0x55c0c82f2f50 (10 bytes)
1500881946.681990 sending message 105 to peer 0x55c0c82f2f50 (22 bytes)
1500881946.681996 sending message 105 to peer 0x55c0c82f2f50 (19 bytes)
1500881946.682002 sending message 105 to peer 0x55c0c82f2f50 (50 bytes)
1500881946.682007 sending message 105 to peer 0x55c0c82f2f50 (31 bytes)
1500881946.682027 sending message 105 to peer 0x55c0c82f2f50 (16 bytes)
1500881946.682033 sending message 105 to peer 0x55c0c82f2f50 (23 bytes)
1500881946.682039 sending message 105 to peer 0x55c0c82f2f50 (19 bytes)
1500881946.682045 sending message 105 to peer 0x55c0c82f2f50 (19 bytes)
1500881946.682050 sending message 105 to peer 0x55c0c82f2f50 (21 bytes)
1500881946.682056 sending message 105 to peer 0x55c0c82f2f50 (163 bytes)
1500881946.682062 sending message 105 to peer 0x55c0c82f2f50 (26 bytes)
1500881946.682067 sending message 105 to peer 0x55c0c82f2f50 (23 bytes)
1500881946.682073 sending message 105 to peer 0x55c0c82f2f50 (23 bytes)
1500881946.682079 sending message 105 to peer 0x55c0c82f2f50 (28 bytes)
1500881946.682085 sending message 105 to peer 0x55c0c82f2f50 (13 bytes)
1500881946.682090 sending message 105 to peer 0x55c0c82f2f50 (20 bytes)
1500881946.682096 sending message 105 to peer 0x55c0c82f2f50 (16 bytes)
1500881946.682101 sending message 105 to peer 0x55c0c82f2f50 (17 bytes)
1500881946.682107 sending message 105 to peer 0x55c0c82f2f50 (18 bytes)
1500881946.682112 sending message 105 to peer 0x55c0c82f2f50 (20 bytes)
1500881946.682118 sending message 105 to peer 0x55c0c82f2f50 (26 bytes)
1500881946.682124 sending message 105 to peer 0x55c0c82f2f50 (35 bytes)
1500881946.682129 sending message 105 to peer 0x55c0c82f2f50 (15 bytes)
1500881946.682136 sending message 105 to peer 0x55c0c82f2f50 (8 bytes)
1500881946.682149 sending message 105 to peer 0x55c0c82f2f50 (18 bytes)
1500881946.682155 sending message 105 to peer 0x55c0c82f2f50 (25 bytes)
1500881946.682160 sending message 105 to peer 0x55c0c82f2f50 (17 bytes)
1500881946.682166 sending message 105 to peer 0x55c0c82f2f50 (44 bytes)
1500881946.682171 sending message 105 to peer 0x55c0c82f2f50 (13 bytes)
1500881946.682177 sending message 105 to peer 0x55c0c82f2f50 (54 bytes)
1500881946.682183 sending message 105 to peer 0x55c0c82f2f50 (31 bytes)
1500881946.682188 sending message 105 to peer 0x55c0c82f2f50 (41 bytes)
1500881946.682194 sending message 105 to peer 0x55c0c82f2f50 (93 bytes)
1500881946.682200 sending message 105 to peer 0x55c0c82f2f50 (104 bytes)
1500881946.682206 sending message 105 to peer 0x55c0c82f2f50 (30 bytes)
1500881946.682212 sending message 105 to peer 0x55c0c82f2f50 (80 bytes)
1500881946.682218 sending message 105 to peer 0x55c0c82f2f50 (32 bytes)
1500881946.682223 sending message 105 to peer 0x55c0c82f2f50 (19 bytes)
1500881946.682229 sending message 105 to peer 0x55c0c82f2f50 (20 bytes)
1500881946.682234 sending message 105 to peer 0x55c0c82f2f50 (16 bytes)
1500881946.682240 sending message 105 to peer 0x55c0c82f2f50 (26 bytes)
1500881946.682245 sending message 105 to peer 0x55c0c82f2f50 (16 bytes)
1500881946.682251 sending message 106 to peer 0x55c0c82f2f50 (0 bytes)
1500881946.682257 sending message 200 to peer 0x55c0c82f2f50 (4 bytes)
1500881946.682262 client loop enter
1500881946.692695 peer 0x55c0c82f2f50 message 207
1500881946.692716 sending message 208 to peer 0x55c0c82f2f50 (0 bytes)
1500881961.921189 sending message 205 to peer 0x55c0c82f2f50 (0 bytes)
1500881961.921393 peer 0x55c0c82f2f50 message 204
1500881961.921403 client loop exit
